2020-08-20 20:57:49,598 INFO [main] c.n.c.LoggerTests [StartupInfoLogger.java:55] Starting LoggerTests on LAPTOP-UEPO820D with PID 12564 (started by YangJin in C:\Users\YangJin\Desktop\Jin_Yang\Project\myCommunity)
2020-08-20 20:57:49,600 INFO [main] c.n.c.LoggerTests [SpringApplication.java:651] No active profile set, falling back to default profiles: default
2020-08-20 20:57:50,790 INFO [main] o.s.d.r.c.RepositoryConfigurationDelegate [RepositoryConfigurationDelegate.java:249] Multiple Spring Data modules found, entering strict repository configuration mode!
2020-08-20 20:57:50,793 INFO [main] o.s.d.r.c.RepositoryConfigurationDelegate [RepositoryConfigurationDelegate.java:127] Bootstrapping Spring Data Elasticsearch repositories in DEFAULT mode.
2020-08-20 20:57:50,817 INFO [main] o.s.d.r.c.RepositoryConfigurationDelegate [RepositoryConfigurationDelegate.java:187] Finished Spring Data repository scanning in 16ms. Found 0 Elasticsearch repository interfaces.
2020-08-20 20:57:50,822 INFO [main] o.s.d.r.c.RepositoryConfigurationDelegate [RepositoryConfigurationDelegate.java:249] Multiple Spring Data modules found, entering strict repository configuration mode!
2020-08-20 20:57:50,823 INFO [main] o.s.d.r.c.RepositoryConfigurationDelegate [RepositoryConfigurationDelegate.java:127] Bootstrapping Spring Data Reactive Elasticsearch repositories in DEFAULT mode.
2020-08-20 20:57:50,834 INFO [main] o.s.d.r.c.RepositoryConfigurationDelegate [RepositoryConfigurationDelegate.java:187] Finished Spring Data repository scanning in 10ms. Found 0 Reactive Elasticsearch repository interfaces.
2020-08-20 20:57:50,845 INFO [main] o.s.d.r.c.RepositoryConfigurationDelegate [RepositoryConfigurationDelegate.java:249] Multiple Spring Data modules found, entering strict repository configuration mode!
2020-08-20 20:57:50,846 INFO [main] o.s.d.r.c.RepositoryConfigurationDelegate [RepositoryConfigurationDelegate.java:127] Bootstrapping Spring Data Redis repositories in DEFAULT mode.
2020-08-20 20:57:50,870 INFO [main] o.s.d.r.c.RepositoryConfigurationDelegate [RepositoryConfigurationDelegate.java:187] Finished Spring Data repository scanning in 8ms. Found 0 Redis repository interfaces.
2020-08-20 20:57:52,271 INFO [main] o.s.b.a.s.s.UserDetailsServiceAutoConfiguration [UserDetailsServiceAutoConfiguration.java:86] 

Using generated security password: 1b0d7f2a-44a7-4676-bdd1-6dbb130401e8

2020-08-20 20:57:52,515 INFO [main] o.s.s.w.DefaultSecurityFilterChain [DefaultSecurityFilterChain.java:43] Creating filter chain: any request, [org.springframework.security.web.context.request.async.WebAsyncManagerIntegrationFilter@68bd8ca7, org.springframework.security.web.context.SecurityContextPersistenceFilter@48f2054d, org.springframework.security.web.header.HeaderWriterFilter@7af327e3, org.springframework.security.web.authentication.logout.LogoutFilter@19ad75e5, org.springframework.security.web.savedrequest.RequestCacheAwareFilter@2f4d32bf, org.springframework.security.web.servletapi.SecurityContextHolderAwareRequestFilter@3f68a7f8, org.springframework.security.web.authentication.AnonymousAuthenticationFilter@6744707b, org.springframework.security.web.session.SessionManagementFilter@51f68849, org.springframework.security.web.access.ExceptionTranslationFilter@6321a5aa, org.springframework.security.web.access.intercept.FilterSecurityInterceptor@1eb9bf60]
2020-08-20 20:57:53,082 INFO [main] o.s.s.c.ThreadPoolTaskExecutor [ExecutorConfigurationSupport.java:181] Initializing ExecutorService 'applicationTaskExecutor'
2020-08-20 20:57:53,207 INFO [main] o.s.b.a.w.s.WelcomePageHandlerMapping [WelcomePageHandlerMapping.java:58] Adding welcome page template: index
2020-08-20 20:57:56,925 INFO [main] o.s.d.e.s.VersionInfo [VersionInfo.java:59] Version Spring Data Elasticsearch: 4.0.3.RELEASE
2020-08-20 20:57:56,925 INFO [main] o.s.d.e.s.VersionInfo [VersionInfo.java:60] Version Elasticsearch Client in build: 7.6.2
2020-08-20 20:57:56,925 INFO [main] o.s.d.e.s.VersionInfo [VersionInfo.java:61] Version Elasticsearch Client used: 7.6.2
2020-08-20 20:57:57,194 INFO [main] o.q.i.StdSchedulerFactory [StdSchedulerFactory.java:1220] Using default implementation for ThreadExecutor
2020-08-20 20:57:57,208 INFO [main] o.q.c.SchedulerSignalerImpl [SchedulerSignalerImpl.java:61] Initialized Scheduler Signaller of type: class org.quartz.core.SchedulerSignalerImpl
2020-08-20 20:57:57,209 INFO [main] o.q.c.QuartzScheduler [QuartzScheduler.java:229] Quartz Scheduler v.2.3.2 created.
2020-08-20 20:57:57,210 INFO [main] o.q.s.RAMJobStore [RAMJobStore.java:155] RAMJobStore initialized.
2020-08-20 20:57:57,211 INFO [main] o.q.c.QuartzScheduler [QuartzScheduler.java:294] Scheduler meta-data: Quartz Scheduler (v2.3.2) 'quartzScheduler' with instanceId 'NON_CLUSTERED'
  Scheduler class: 'org.quartz.core.QuartzScheduler' - running locally.
  NOT STARTED.
  Currently in standby mode.
  Number of jobs executed: 0
  Using thread pool 'org.quartz.simpl.SimpleThreadPool' - with 10 threads.
  Using job-store 'org.quartz.simpl.RAMJobStore' - which does not support persistence. and is not clustered.

2020-08-20 20:57:57,211 INFO [main] o.q.i.StdSchedulerFactory [StdSchedulerFactory.java:1374] Quartz scheduler 'quartzScheduler' initialized from an externally provided properties instance.
2020-08-20 20:57:57,211 INFO [main] o.q.i.StdSchedulerFactory [StdSchedulerFactory.java:1378] Quartz scheduler version: 2.3.2
2020-08-20 20:57:57,211 INFO [main] o.q.c.QuartzScheduler [QuartzScheduler.java:2293] JobFactory set to: org.springframework.scheduling.quartz.SpringBeanJobFactory@7135e8cd
2020-08-20 20:57:57,298 INFO [main] o.s.b.a.e.w.EndpointLinksResolver [EndpointLinksResolver.java:58] Exposing 2 endpoint(s) beneath base path '/actuator'
2020-08-20 20:57:57,364 INFO [main] o.s.s.q.SchedulerFactoryBean [SchedulerFactoryBean.java:727] Starting Quartz Scheduler now
2020-08-20 20:57:57,364 INFO [main] o.q.c.QuartzScheduler [QuartzScheduler.java:547] Scheduler quartzScheduler_$_NON_CLUSTERED started.
2020-08-20 20:57:57,378 INFO [main] c.n.c.LoggerTests [StartupInfoLogger.java:61] Started LoggerTests in 8.33 seconds (JVM running for 9.429)
2020-08-20 20:57:57,842 INFO [main] c.n.c.LoggerTests [LoggerTests.java:25] info log
2020-08-20 20:57:57,856 INFO [SpringContextShutdownHook] o.q.c.QuartzScheduler [QuartzScheduler.java:585] Scheduler quartzScheduler_$_NON_CLUSTERED paused.
2020-08-20 20:57:57,859 INFO [SpringContextShutdownHook] o.s.s.q.SchedulerFactoryBean [SchedulerFactoryBean.java:845] Shutting down Quartz Scheduler
2020-08-20 20:57:57,859 INFO [SpringContextShutdownHook] o.q.c.QuartzScheduler [QuartzScheduler.java:666] Scheduler quartzScheduler_$_NON_CLUSTERED shutting down.
2020-08-20 20:57:57,859 INFO [SpringContextShutdownHook] o.q.c.QuartzScheduler [QuartzScheduler.java:585] Scheduler quartzScheduler_$_NON_CLUSTERED paused.
2020-08-20 20:57:57,859 INFO [SpringContextShutdownHook] o.q.c.QuartzScheduler [QuartzScheduler.java:740] Scheduler quartzScheduler_$_NON_CLUSTERED shutdown complete.
2020-08-20 20:57:57,883 INFO [SpringContextShutdownHook] o.s.s.c.ThreadPoolTaskExecutor [ExecutorConfigurationSupport.java:218] Shutting down ExecutorService 'applicationTaskExecutor'
